SF:lib/src/cubitEx.dart
DA:13,1
DA:19,1
DA:22,4
DA:23,4
DA:32,3
DA:34,3
DA:35,15
DA:36,3
DA:62,1
DA:64,1
DA:65,4
DA:69,3
DA:72,3
DA:73,6
DA:74,2
DA:75,3
DA:76,3
DA:77,6
DA:78,2
DA:79,2
DA:90,2
DA:91,4
DA:99,4
DA:109,1
DA:110,1
DA:111,2
DA:113,1
DA:139,1
DA:140,1
DA:141,2
DA:142,2
DA:146,0
DA:147,0
DA:150,10
DA:153,3
DA:154,9
DA:155,7
DA:156,3
LF:38
LH:36
end_of_record
SF:lib/src/action.dart
DA:4,1
DA:6,0
DA:7,0
LF:3
LH:1
end_of_record
SF:lib/src/actions.dart
DA:10,1
DA:15,2
DA:16,3
DA:17,2
DA:22,1
DA:23,5
DA:28,0
DA:29,0
DA:34,0
DA:35,0
LF:10
LH:6
end_of_record
