SF:lib/src/cubitEx.dart
DA:13,1
DA:19,1
DA:22,4
DA:23,4
DA:31,3
DA:33,3
DA:34,15
DA:35,3
DA:39,1
DA:41,1
DA:42,4
DA:46,3
DA:49,3
DA:50,6
DA:51,2
DA:52,3
DA:53,3
DA:54,6
DA:55,2
DA:56,2
DA:67,2
DA:68,4
DA:76,4
DA:86,1
DA:87,1
DA:88,2
DA:90,1
DA:116,1
DA:117,1
DA:118,2
DA:119,2
DA:123,0
DA:124,0
DA:127,10
DA:130,3
DA:131,9
DA:132,7
DA:133,3
LF:38
LH:36
end_of_record
SF:lib/src/action.dart
DA:4,1
DA:6,0
DA:7,0
LF:3
LH:1
end_of_record
SF:lib/src/actions.dart
DA:10,1
DA:15,2
DA:16,3
DA:17,2
DA:22,1
DA:23,5
DA:28,0
DA:29,0
DA:34,0
DA:35,0
LF:10
LH:6
end_of_record
